{"/Users/Andymartin/codefellows/401/demos/week-4/deployment/model/user.js":{"path":"/Users/Andymartin/codefellows/401/demos/week-4/deployment/model/user.js","s":{"1":1,"2":1,"3":1,"4":1,"5":1,"6":1,"7":1,"8":1,"9":1,"10":1,"11":5,"12":5,"13":5,"14":5,"15":0,"16":5,"17":5,"18":1,"19":0,"20":0,"21":0,"22":0,"23":0,"24":0,"25":0,"26":0,"27":1,"28":0,"29":0,"30":0,"31":0,"32":1,"33":0,"34":0,"35":0,"36":0,"37":0,"38":0,"39":0,"40":1,"41":0,"42":0,"43":0,"44":0,"45":0,"46":1},"b":{"1":[0,5],"2":[0,0],"3":[0,0],"4":[0,0]},"f":{"1":5,"2":0,"3":0,"4":0,"5":0},"fnMap":{"1":{"name":"(anonymous_1)","line":20,"loc":{"start":{"line":20,"column":42},"end":{"line":20,"column":61}}},"2":{"name":"(anonymous_2)","line":32,"loc":{"start":{"line":32,"column":41},"end":{"line":32,"column":60}}},"3":{"name":"(anonymous_3)","line":43,"loc":{"start":{"line":43,"column":38},"end":{"line":43,"column":49}}},"4":{"name":"_generateFindHash","line":51,"loc":{"start":{"line":51,"column":4},"end":{"line":51,"column":33}}},"5":{"name":"(anonymous_5)","line":64,"loc":{"start":{"line":64,"column":35},"end":{"line":64,"column":46}}}},"statementMap":{"1":{"start":{"line":3,"column":0},"end":{"line":3,"column":33}},"2":{"start":{"line":4,"column":0},"end":{"line":4,"column":33}},"3":{"start":{"line":5,"column":0},"end":{"line":5,"column":36}},"4":{"start":{"line":6,"column":0},"end":{"line":6,"column":37}},"5":{"start":{"line":7,"column":0},"end":{"line":7,"column":43}},"6":{"start":{"line":8,"column":0},"end":{"line":8,"column":36}},"7":{"start":{"line":9,"column":0},"end":{"line":9,"column":46}},"8":{"start":{"line":11,"column":0},"end":{"line":11,"column":31}},"9":{"start":{"line":13,"column":0},"end":{"line":18,"column":3}},"10":{"start":{"line":20,"column":0},"end":{"line":30,"column":1}},"11":{"start":{"line":21,"column":2},"end":{"line":21,"column":32}},"12":{"start":{"line":23,"column":2},"end":{"line":29,"column":5}},"13":{"start":{"line":24,"column":4},"end":{"line":28,"column":7}},"14":{"start":{"line":25,"column":6},"end":{"line":25,"column":34}},"15":{"start":{"line":25,"column":15},"end":{"line":25,"column":34}},"16":{"start":{"line":26,"column":6},"end":{"line":26,"column":27}},"17":{"start":{"line":27,"column":6},"end":{"line":27,"column":20}},"18":{"start":{"line":32,"column":0},"end":{"line":41,"column":1}},"19":{"start":{"line":33,"column":2},"end":{"line":33,"column":31}},"20":{"start":{"line":34,"column":2},"end":{"line":40,"column":5}},"21":{"start":{"line":35,"column":4},"end":{"line":39,"column":7}},"22":{"start":{"line":36,"column":6},"end":{"line":36,"column":34}},"23":{"start":{"line":36,"column":15},"end":{"line":36,"column":34}},"24":{"start":{"line":37,"column":6},"end":{"line":37,"column":70}},"25":{"start":{"line":37,"column":18},"end":{"line":37,"column":70}},"26":{"start":{"line":38,"column":6},"end":{"line":38,"column":20}},"27":{"start":{"line":43,"column":0},"end":{"line":62,"column":1}},"28":{"start":{"line":44,"column":2},"end":{"line":44,"column":28}},"29":{"start":{"line":46,"column":2},"end":{"line":61,"column":5}},"30":{"start":{"line":47,"column":4},"end":{"line":47,"column":18}},"31":{"start":{"line":49,"column":2},"end":{"line":49,"column":31}},"32":{"start":{"line":51,"column":4},"end":{"line":60,"column":5}},"33":{"start":{"line":52,"column":6},"end":{"line":52,"column":61}},"34":{"start":{"line":53,"column":6},"end":{"line":59,"column":9}},"35":{"start":{"line":54,"column":19},"end":{"line":54,"column":41}},"36":{"start":{"line":56,"column":8},"end":{"line":56,"column":43}},"37":{"start":{"line":56,"column":24},"end":{"line":56,"column":43}},"38":{"start":{"line":57,"column":8},"end":{"line":57,"column":16}},"39":{"start":{"line":58,"column":8},"end":{"line":58,"column":37}},"40":{"start":{"line":64,"column":0},"end":{"line":72,"column":1}},"41":{"start":{"line":65,"column":2},"end":{"line":65,"column":25}},"42":{"start":{"line":67,"column":2},"end":{"line":71,"column":5}},"43":{"start":{"line":68,"column":4},"end":{"line":70,"column":32}},"44":{"start":{"line":69,"column":23},"end":{"line":69,"column":85}},"45":{"start":{"line":70,"column":19},"end":{"line":70,"column":30}},"46":{"start":{"line":74,"column":0},"end":{"line":74,"column":52}}},"branchMap":{"1":{"line":25,"type":"if","locations":[{"start":{"line":25,"column":6},"end":{"line":25,"column":6}},{"start":{"line":25,"column":6},"end":{"line":25,"column":6}}]},"2":{"line":36,"type":"if","locations":[{"start":{"line":36,"column":6},"end":{"line":36,"column":6}},{"start":{"line":36,"column":6},"end":{"line":36,"column":6}}]},"3":{"line":37,"type":"if","locations":[{"start":{"line":37,"column":6},"end":{"line":37,"column":6}},{"start":{"line":37,"column":6},"end":{"line":37,"column":6}}]},"4":{"line":56,"type":"if","locations":[{"start":{"line":56,"column":8},"end":{"line":56,"column":8}},{"start":{"line":56,"column":8},"end":{"line":56,"column":8}}]}}},"/Users/Andymartin/codefellows/401/demos/week-4/deployment/server.js":{"path":"/Users/Andymartin/codefellows/401/demos/week-4/deployment/server.js","s":{"1":1,"2":1,"3":1,"4":1,"5":1,"6":1,"7":1,"8":1,"9":1,"10":1,"11":1,"12":1,"13":1,"14":1,"15":1,"16":1,"17":1,"18":1,"19":1,"20":1,"21":1,"22":1},"b":{"1":[1,0]},"f":{},"fnMap":{},"statementMap":{"1":{"start":{"line":5,"column":0},"end":{"line":5,"column":35}},"2":{"start":{"line":6,"column":0},"end":{"line":6,"column":48}},"3":{"start":{"line":7,"column":0},"end":{"line":7,"column":33}},"4":{"start":{"line":8,"column":0},"end":{"line":8,"column":37}},"5":{"start":{"line":9,"column":0},"end":{"line":9,"column":33}},"6":{"start":{"line":10,"column":0},"end":{"line":10,"column":29}},"7":{"start":{"line":12,"column":0},"end":{"line":12,"column":53}},"8":{"start":{"line":13,"column":0},"end":{"line":13,"column":59}},"9":{"start":{"line":14,"column":0},"end":{"line":14,"column":51}},"10":{"start":{"line":15,"column":0},"end":{"line":15,"column":52}},"11":{"start":{"line":17,"column":0},"end":{"line":17,"column":14}},"12":{"start":{"line":19,"column":0},"end":{"line":19,"column":22}},"13":{"start":{"line":20,"column":0},"end":{"line":20,"column":38}},"14":{"start":{"line":21,"column":0},"end":{"line":21,"column":42}},"15":{"start":{"line":23,"column":0},"end":{"line":23,"column":16}},"16":{"start":{"line":24,"column":0},"end":{"line":24,"column":23}},"17":{"start":{"line":26,"column":0},"end":{"line":26,"column":20}},"18":{"start":{"line":27,"column":0},"end":{"line":27,"column":23}},"19":{"start":{"line":28,"column":0},"end":{"line":28,"column":19}},"20":{"start":{"line":29,"column":0},"end":{"line":29,"column":16}},"21":{"start":{"line":31,"column":0},"end":{"line":33,"column":3}},"22":{"start":{"line":32,"column":2},"end":{"line":32,"column":43}}},"branchMap":{"1":{"line":20,"type":"binary-expr","locations":[{"start":{"line":20,"column":13},"end":{"line":20,"column":29}},{"start":{"line":20,"column":33},"end":{"line":20,"column":37}}]}}},"/Users/Andymartin/codefellows/401/demos/week-4/deployment/route/auth-router.js":{"path":"/Users/Andymartin/codefellows/401/demos/week-4/deployment/route/auth-router.js","s":{"1":1,"2":1,"3":1,"4":1,"5":1,"6":1,"7":1,"8":1,"9":1,"10":1,"11":1,"12":1,"13":1,"14":0,"15":0,"16":1,"17":0,"18":0,"19":0,"20":0,"21":0},"b":{},"f":{"1":1,"2":0},"fnMap":{"1":{"name":"(anonymous_1)","line":11,"loc":{"start":{"line":11,"column":43},"end":{"line":11,"column":68}}},"2":{"name":"(anonymous_2)","line":26,"loc":{"start":{"line":26,"column":41},"end":{"line":26,"column":66}}}},"statementMap":{"1":{"start":{"line":3,"column":0},"end":{"line":3,"column":49}},"2":{"start":{"line":4,"column":0},"end":{"line":4,"column":53}},"3":{"start":{"line":5,"column":0},"end":{"line":5,"column":41}},"4":{"start":{"line":6,"column":0},"end":{"line":6,"column":61}},"5":{"start":{"line":7,"column":0},"end":{"line":7,"column":41}},"6":{"start":{"line":9,"column":0},"end":{"line":9,"column":45}},"7":{"start":{"line":11,"column":0},"end":{"line":24,"column":3}},"8":{"start":{"line":12,"column":2},"end":{"line":12,"column":29}},"9":{"start":{"line":14,"column":2},"end":{"line":14,"column":35}},"10":{"start":{"line":15,"column":2},"end":{"line":15,"column":27}},"11":{"start":{"line":17,"column":2},"end":{"line":17,"column":32}},"12":{"start":{"line":19,"column":2},"end":{"line":23,"column":15}},"13":{"start":{"line":20,"column":17},"end":{"line":20,"column":28}},"14":{"start":{"line":21,"column":17},"end":{"line":21,"column":37}},"15":{"start":{"line":22,"column":18},"end":{"line":22,"column":33}},"16":{"start":{"line":26,"column":0},"end":{"line":34,"column":3}},"17":{"start":{"line":27,"column":2},"end":{"line":27,"column":28}},"18":{"start":{"line":29,"column":2},"end":{"line":33,"column":15}},"19":{"start":{"line":30,"column":17},"end":{"line":30,"column":60}},"20":{"start":{"line":31,"column":17},"end":{"line":31,"column":37}},"21":{"start":{"line":32,"column":18},"end":{"line":32,"column":33}}},"branchMap":{}},"/Users/Andymartin/codefellows/401/demos/week-4/deployment/lib/basic-auth-middleware.js":{"path":"/Users/Andymartin/codefellows/401/demos/week-4/deployment/lib/basic-auth-middleware.js","s":{"1":1,"2":1,"3":1,"4":0,"5":0,"6":0,"7":0,"8":0,"9":0,"10":0,"11":0,"12":0,"13":0,"14":0,"15":0,"16":0,"17":0,"18":0},"b":{"1":[0,0],"2":[0,0],"3":[0,0],"4":[0,0]},"f":{"1":0},"fnMap":{"1":{"name":"(anonymous_1)","line":6,"loc":{"start":{"line":6,"column":17},"end":{"line":6,"column":42}}}},"statementMap":{"1":{"start":{"line":3,"column":0},"end":{"line":3,"column":43}},"2":{"start":{"line":4,"column":0},"end":{"line":4,"column":63}},"3":{"start":{"line":6,"column":0},"end":{"line":36,"column":1}},"4":{"start":{"line":7,"column":2},"end":{"line":7,"column":22}},"5":{"start":{"line":9,"column":2},"end":{"line":9,"column":45}},"6":{"start":{"line":10,"column":2},"end":{"line":12,"column":3}},"7":{"start":{"line":11,"column":4},"end":{"line":11,"column":67}},"8":{"start":{"line":14,"column":2},"end":{"line":14,"column":48}},"9":{"start":{"line":15,"column":2},"end":{"line":17,"column":3}},"10":{"start":{"line":16,"column":4},"end":{"line":16,"column":68}},"11":{"start":{"line":19,"column":2},"end":{"line":19,"column":59}},"12":{"start":{"line":20,"column":2},"end":{"line":20,"column":35}},"13":{"start":{"line":22,"column":2},"end":{"line":25,"column":3}},"14":{"start":{"line":27,"column":2},"end":{"line":29,"column":3}},"15":{"start":{"line":28,"column":4},"end":{"line":28,"column":55}},"16":{"start":{"line":31,"column":2},"end":{"line":33,"column":3}},"17":{"start":{"line":32,"column":4},"end":{"line":32,"column":55}},"18":{"start":{"line":35,"column":2},"end":{"line":35,"column":9}}},"branchMap":{"1":{"line":10,"type":"if","locations":[{"start":{"line":10,"column":2},"end":{"line":10,"column":2}},{"start":{"line":10,"column":2},"end":{"line":10,"column":2}}]},"2":{"line":15,"type":"if","locations":[{"start":{"line":15,"column":2},"end":{"line":15,"column":2}},{"start":{"line":15,"column":2},"end":{"line":15,"column":2}}]},"3":{"line":27,"type":"if","locations":[{"start":{"line":27,"column":2},"end":{"line":27,"column":2}},{"start":{"line":27,"column":2},"end":{"line":27,"column":2}}]},"4":{"line":31,"type":"if","locations":[{"start":{"line":31,"column":2},"end":{"line":31,"column":2}},{"start":{"line":31,"column":2},"end":{"line":31,"column":2}}]}}},"/Users/Andymartin/codefellows/401/demos/week-4/deployment/route/gallery-router.js":{"path":"/Users/Andymartin/codefellows/401/demos/week-4/deployment/route/gallery-router.js","s":{"1":1,"2":1,"3":1,"4":1,"5":1,"6":1,"7":1,"8":1,"9":0,"10":0,"11":0,"12":0,"13":1,"14":0,"15":0,"16":0},"b":{},"f":{"1":0,"2":0},"fnMap":{"1":{"name":"(anonymous_1)","line":13,"loc":{"start":{"line":13,"column":59},"end":{"line":13,"column":84}}},"2":{"name":"(anonymous_2)","line":22,"loc":{"start":{"line":22,"column":50},"end":{"line":22,"column":75}}}},"statementMap":{"1":{"start":{"line":3,"column":0},"end":{"line":3,"column":41}},"2":{"start":{"line":4,"column":0},"end":{"line":4,"column":49}},"3":{"start":{"line":5,"column":0},"end":{"line":5,"column":43}},"4":{"start":{"line":6,"column":0},"end":{"line":6,"column":56}},"5":{"start":{"line":8,"column":0},"end":{"line":8,"column":47}},"6":{"start":{"line":9,"column":0},"end":{"line":9,"column":63}},"7":{"start":{"line":11,"column":0},"end":{"line":11,"column":48}},"8":{"start":{"line":13,"column":0},"end":{"line":20,"column":3}},"9":{"start":{"line":14,"column":2},"end":{"line":14,"column":30}},"10":{"start":{"line":16,"column":2},"end":{"line":16,"column":33}},"11":{"start":{"line":17,"column":2},"end":{"line":19,"column":15}},"12":{"start":{"line":18,"column":20},"end":{"line":18,"column":37}},"13":{"start":{"line":22,"column":0},"end":{"line":30,"column":3}},"14":{"start":{"line":23,"column":2},"end":{"line":23,"column":33}},"15":{"start":{"line":25,"column":2},"end":{"line":29,"column":15}},"16":{"start":{"line":27,"column":4},"end":{"line":27,"column":22}}},"branchMap":{}},"/Users/Andymartin/codefellows/401/demos/week-4/deployment/model/gallery.js":{"path":"/Users/Andymartin/codefellows/401/demos/week-4/deployment/model/gallery.js","s":{"1":1,"2":1,"3":1,"4":1},"b":{},"f":{},"fnMap":{},"statementMap":{"1":{"start":{"line":3,"column":0},"end":{"line":3,"column":37}},"2":{"start":{"line":4,"column":0},"end":{"line":4,"column":31}},"3":{"start":{"line":6,"column":0},"end":{"line":11,"column":3}},"4":{"start":{"line":13,"column":0},"end":{"line":13,"column":58}}},"branchMap":{}},"/Users/Andymartin/codefellows/401/demos/week-4/deployment/lib/bearer-auth-middleware.js":{"path":"/Users/Andymartin/codefellows/401/demos/week-4/deployment/lib/bearer-auth-middleware.js","s":{"1":1,"2":1,"3":1,"4":1,"5":1,"6":0,"7":0,"8":0,"9":0,"10":0,"11":0,"12":0,"13":0,"14":0,"15":0,"16":0,"17":0,"18":0,"19":0},"b":{"1":[0,0],"2":[0,0],"3":[0,0]},"f":{"1":0},"fnMap":{"1":{"name":"(anonymous_1)","line":9,"loc":{"start":{"line":9,"column":17},"end":{"line":9,"column":42}}}},"statementMap":{"1":{"start":{"line":3,"column":0},"end":{"line":3,"column":36}},"2":{"start":{"line":4,"column":0},"end":{"line":4,"column":43}},"3":{"start":{"line":5,"column":0},"end":{"line":5,"column":64}},"4":{"start":{"line":7,"column":0},"end":{"line":7,"column":41}},"5":{"start":{"line":9,"column":0},"end":{"line":34,"column":1}},"6":{"start":{"line":10,"column":2},"end":{"line":10,"column":23}},"7":{"start":{"line":12,"column":2},"end":{"line":12,"column":45}},"8":{"start":{"line":13,"column":2},"end":{"line":15,"column":3}},"9":{"start":{"line":14,"column":4},"end":{"line":14,"column":67}},"10":{"start":{"line":17,"column":2},"end":{"line":17,"column":45}},"11":{"start":{"line":18,"column":2},"end":{"line":20,"column":3}},"12":{"start":{"line":19,"column":4},"end":{"line":19,"column":52}},"13":{"start":{"line":22,"column":2},"end":{"line":33,"column":5}},"14":{"start":{"line":23,"column":4},"end":{"line":23,"column":30}},"15":{"start":{"line":23,"column":13},"end":{"line":23,"column":30}},"16":{"start":{"line":25,"column":4},"end":{"line":32,"column":6}},"17":{"start":{"line":27,"column":6},"end":{"line":27,"column":22}},"18":{"start":{"line":28,"column":6},"end":{"line":28,"column":13}},"19":{"start":{"line":31,"column":6},"end":{"line":31,"column":41}}},"branchMap":{"1":{"line":13,"type":"if","locations":[{"start":{"line":13,"column":2},"end":{"line":13,"column":2}},{"start":{"line":13,"column":2},"end":{"line":13,"column":2}}]},"2":{"line":18,"type":"if","locations":[{"start":{"line":18,"column":2},"end":{"line":18,"column":2}},{"start":{"line":18,"column":2},"end":{"line":18,"column":2}}]},"3":{"line":23,"type":"if","locations":[{"start":{"line":23,"column":4},"end":{"line":23,"column":4}},{"start":{"line":23,"column":4},"end":{"line":23,"column":4}}]}}},"/Users/Andymartin/codefellows/401/demos/week-4/deployment/route/pic-router.js":{"path":"/Users/Andymartin/codefellows/401/demos/week-4/deployment/route/pic-router.js","s":{"1":1,"2":1,"3":1,"4":1,"5":1,"6":1,"7":1,"8":1,"9":1,"10":1,"11":1,"12":1,"13":1,"14":1,"15":1,"16":1,"17":1,"18":0,"19":0,"20":0,"21":1,"22":0,"23":0,"24":0,"25":0,"26":0,"27":0,"28":0,"29":0,"30":0,"31":0,"32":0,"33":0,"34":0,"35":0,"36":0},"b":{"1":[0,0],"2":[0,0]},"f":{"1":0,"2":0},"fnMap":{"1":{"name":"s3uploadProm","line":24,"loc":{"start":{"line":24,"column":0},"end":{"line":24,"column":30}}},"2":{"name":"(anonymous_2)","line":32,"loc":{"start":{"line":32,"column":82},"end":{"line":32,"column":107}}}},"statementMap":{"1":{"start":{"line":3,"column":0},"end":{"line":3,"column":25}},"2":{"start":{"line":4,"column":0},"end":{"line":4,"column":29}},"3":{"start":{"line":5,"column":0},"end":{"line":5,"column":27}},"4":{"start":{"line":6,"column":0},"end":{"line":6,"column":31}},"5":{"start":{"line":7,"column":0},"end":{"line":7,"column":33}},"6":{"start":{"line":8,"column":0},"end":{"line":8,"column":41}},"7":{"start":{"line":9,"column":0},"end":{"line":9,"column":43}},"8":{"start":{"line":10,"column":0},"end":{"line":10,"column":52}},"9":{"start":{"line":12,"column":0},"end":{"line":12,"column":39}},"10":{"start":{"line":13,"column":0},"end":{"line":13,"column":47}},"11":{"start":{"line":14,"column":0},"end":{"line":14,"column":63}},"12":{"start":{"line":16,"column":0},"end":{"line":16,"column":54}},"13":{"start":{"line":18,"column":0},"end":{"line":18,"column":24}},"14":{"start":{"line":19,"column":0},"end":{"line":19,"column":39}},"15":{"start":{"line":20,"column":0},"end":{"line":20,"column":41}},"16":{"start":{"line":22,"column":0},"end":{"line":22,"column":44}},"17":{"start":{"line":24,"column":0},"end":{"line":30,"column":1}},"18":{"start":{"line":25,"column":2},"end":{"line":29,"column":5}},"19":{"start":{"line":26,"column":4},"end":{"line":28,"column":7}},"20":{"start":{"line":27,"column":6},"end":{"line":27,"column":22}},"21":{"start":{"line":32,"column":0},"end":{"line":69,"column":3}},"22":{"start":{"line":33,"column":2},"end":{"line":33,"column":45}},"23":{"start":{"line":35,"column":2},"end":{"line":37,"column":3}},"24":{"start":{"line":36,"column":4},"end":{"line":36,"column":52}},"25":{"start":{"line":39,"column":2},"end":{"line":41,"column":3}},"26":{"start":{"line":40,"column":4},"end":{"line":40,"column":52}},"27":{"start":{"line":43,"column":2},"end":{"line":43,"column":48}},"28":{"start":{"line":45,"column":2},"end":{"line":50,"column":3}},"29":{"start":{"line":52,"column":2},"end":{"line":68,"column":28}},"30":{"start":{"line":53,"column":15},"end":{"line":53,"column":35}},"31":{"start":{"line":55,"column":4},"end":{"line":55,"column":35}},"32":{"start":{"line":56,"column":4},"end":{"line":56,"column":26}},"33":{"start":{"line":57,"column":4},"end":{"line":64,"column":5}},"34":{"start":{"line":65,"column":4},"end":{"line":65,"column":35}},"35":{"start":{"line":67,"column":16},"end":{"line":67,"column":29}},"36":{"start":{"line":68,"column":17},"end":{"line":68,"column":26}}},"branchMap":{"1":{"line":35,"type":"if","locations":[{"start":{"line":35,"column":2},"end":{"line":35,"column":2}},{"start":{"line":35,"column":2},"end":{"line":35,"column":2}}]},"2":{"line":39,"type":"if","locations":[{"start":{"line":39,"column":2},"end":{"line":39,"column":2}},{"start":{"line":39,"column":2},"end":{"line":39,"column":2}}]}}},"/Users/Andymartin/codefellows/401/demos/week-4/deployment/model/pic.js":{"path":"/Users/Andymartin/codefellows/401/demos/week-4/deployment/model/pic.js","s":{"1":1,"2":1,"3":1,"4":1},"b":{},"f":{},"fnMap":{},"statementMap":{"1":{"start":{"line":3,"column":0},"end":{"line":3,"column":37}},"2":{"start":{"line":4,"column":0},"end":{"line":4,"column":31}},"3":{"start":{"line":6,"column":0},"end":{"line":14,"column":3}},"4":{"start":{"line":16,"column":0},"end":{"line":16,"column":50}}},"branchMap":{}},"/Users/Andymartin/codefellows/401/demos/week-4/deployment/lib/error-middleware.js":{"path":"/Users/Andymartin/codefellows/401/demos/week-4/deployment/lib/error-middleware.js","s":{"1":1,"2":1,"3":1,"4":0,"5":0,"6":0,"7":0,"8":0,"9":0,"10":0,"11":0,"12":0,"13":0,"14":0,"15":0,"16":0,"17":0,"18":0},"b":{"1":[0,0],"2":[0,0]},"f":{"1":0},"fnMap":{"1":{"name":"(anonymous_1)","line":6,"loc":{"start":{"line":6,"column":17},"end":{"line":6,"column":47}}}},"statementMap":{"1":{"start":{"line":3,"column":0},"end":{"line":3,"column":43}},"2":{"start":{"line":4,"column":0},"end":{"line":4,"column":58}},"3":{"start":{"line":6,"column":0},"end":{"line":28,"column":1}},"4":{"start":{"line":7,"column":2},"end":{"line":7,"column":28}},"5":{"start":{"line":9,"column":2},"end":{"line":9,"column":41}},"6":{"start":{"line":10,"column":2},"end":{"line":10,"column":35}},"7":{"start":{"line":12,"column":2},"end":{"line":16,"column":3}},"8":{"start":{"line":13,"column":4},"end":{"line":13,"column":42}},"9":{"start":{"line":14,"column":4},"end":{"line":14,"column":11}},"10":{"start":{"line":15,"column":4},"end":{"line":15,"column":11}},"11":{"start":{"line":18,"column":2},"end":{"line":23,"column":3}},"12":{"start":{"line":19,"column":4},"end":{"line":19,"column":40}},"13":{"start":{"line":20,"column":4},"end":{"line":20,"column":42}},"14":{"start":{"line":21,"column":4},"end":{"line":21,"column":11}},"15":{"start":{"line":22,"column":4},"end":{"line":22,"column":11}},"16":{"start":{"line":25,"column":2},"end":{"line":25,"column":38}},"17":{"start":{"line":26,"column":2},"end":{"line":26,"column":40}},"18":{"start":{"line":27,"column":2},"end":{"line":27,"column":9}}},"branchMap":{"1":{"line":12,"type":"if","locations":[{"start":{"line":12,"column":2},"end":{"line":12,"column":2}},{"start":{"line":12,"column":2},"end":{"line":12,"column":2}}]},"2":{"line":18,"type":"if","locations":[{"start":{"line":18,"column":2},"end":{"line":18,"column":2}},{"start":{"line":18,"column":2},"end":{"line":18,"column":2}}]}}}}